\BOOKMARK [0][-]{chapter.1}{Peierls Instability \046 Charge Order}{}% 1
\BOOKMARK [1][-]{section.1.1}{Peierl Instability}{chapter.1}% 2
\BOOKMARK [0][-]{chapter.2}{Linear Response Theory}{}% 3
\BOOKMARK [1][-]{section.2.1}{From Causality to Kramer-Kronig relation}{chapter.2}% 4
\BOOKMARK [2][-]{section*.4}{Example: Damped Harmonic Oscillator}{section.2.1}% 5
\BOOKMARK [3][-]{section*.5}{Kramers-Kronig Relation}{section*.4}% 6
\BOOKMARK [3][-]{section*.6}{Further Examples of Response Functions}{section*.4}% 7
\BOOKMARK [0][-]{chapter.3}{Quantum Oscillations \046 ARPES}{}% 8
\BOOKMARK [1][-]{section.3.1}{Quantum Oscillations}{chapter.3}% 9
\BOOKMARK [2][-]{subsection.3.1.1}{Landau Cylinder}{section.3.1}% 10
\BOOKMARK [2][-]{subsection.3.1.2}{Onsager Relation}{section.3.1}% 11
\BOOKMARK [3][-]{section*.11}{Effective mass and Mean Free Path}{subsection.3.1.2}% 12
\BOOKMARK [3][-]{section*.12}{De Haas-van Alphen effect and Shubnikov-de Hass effect}{subsection.3.1.2}% 13
\BOOKMARK [1][-]{section.3.2}{Angle Resolved Photo Emission Spectroscopy}{chapter.3}% 14
\BOOKMARK [2][-]{subsection.3.2.1}{Scattering Experiment}{section.3.2}% 15
\BOOKMARK [2][-]{subsection.3.2.2}{Fermi's Golder Rule}{section.3.2}% 16
\BOOKMARK [2][-]{subsection.3.2.3}{Angle Resolved Photo Emission spectroscopy}{section.3.2}% 17
\BOOKMARK [0][-]{chapter.4}{Second Quantization}{}% 18
\BOOKMARK [1][-]{section.4.1}{1D-Chain of Atoms}{chapter.4}% 19
\BOOKMARK [1][-]{section.4.2}{Free electron gas}{chapter.4}% 20
\BOOKMARK [1][-]{section.4.3}{Electron-Electron Interaction}{chapter.4}% 21
\BOOKMARK [0][-]{chapter.5}{Electron-Electron Interaction}{}% 22
\BOOKMARK [1][-]{section.5.1}{Fermi Liquid Theory}{chapter.5}% 23
\BOOKMARK [1][-]{section.5.2}{Electron Tight Binding Model}{chapter.5}% 24
\BOOKMARK [2][-]{section*.17}{Example: cubic lattice structure}{section.5.2}% 25
\BOOKMARK [1][-]{section.5.3}{Charge Ordering}{chapter.5}% 26
\BOOKMARK [2][-]{subsection.5.3.1}{Thomas-Fermi Screening}{section.5.3}% 27
\BOOKMARK [3][-]{section*.19}{Thomas-Fermi Wave vector}{subsection.5.3.1}% 28
\BOOKMARK [3][-]{section*.21}{Example: Coulomb Potential}{subsection.5.3.1}% 29
\BOOKMARK [2][-]{subsection.5.3.2}{Lindhard Potential}{section.5.3}% 30
\BOOKMARK [0][-]{chapter.6}{Magnetism}{}% 31
\BOOKMARK [1][-]{section.6.1}{Paramagnetism}{chapter.6}% 32
\BOOKMARK [2][-]{section*.22}{Magnetic Moment}{section.6.1}% 33
\BOOKMARK [3][-]{section*.23}{Example: Hydrogen Atom}{section*.22}% 34
\BOOKMARK [3][-]{section*.24}{Magnetic Moment of Atoms}{section*.22}% 35
\BOOKMARK [3][-]{section*.25}{Magnetization}{section*.22}% 36
\BOOKMARK [3][-]{section*.27}{Magnetic Moment in a -Field}{section*.22}% 37
\BOOKMARK [3][-]{section*.28}{Magnetic susceptibility}{section*.22}% 38
\BOOKMARK [3][-]{section*.29}{Diamagnetism}{section*.22}% 39
\BOOKMARK [3][-]{section*.30}{Simplest Case: e- only}{section*.22}% 40
\BOOKMARK [2][-]{subsection.6.1.1}{How to fill the valence shell}{section.6.1}% 41
\BOOKMARK [3][-]{section*.31}{Hund's rules}{subsection.6.1.1}% 42
\BOOKMARK [3][-]{section*.32}{Crystal field effects}{subsection.6.1.1}% 43
\BOOKMARK [3][-]{section*.33}{Octahedral crystal environment}{subsection.6.1.1}% 44
\BOOKMARK [3][-]{section*.34}{Tetrahedral crystal environment}{subsection.6.1.1}% 45
\BOOKMARK [3][-]{section*.35}{Variation of crystal field environment}{subsection.6.1.1}% 46
\BOOKMARK [3][-]{section*.36}{Jahn-Teller Distortion}{subsection.6.1.1}% 47
\BOOKMARK [3][-]{section*.37}{Resonant inelastic x-ray scattering \(RIXS\)}{subsection.6.1.1}% 48
\BOOKMARK [1][-]{section.6.2}{Ferromagnetism}{chapter.6}% 49
\BOOKMARK [2][-]{subsection.6.2.1}{H2 Molecule}{section.6.2}% 50
\BOOKMARK [3][-]{section*.38}{Wave Function Considerations}{subsection.6.2.1}% 51
\BOOKMARK [3][-]{section*.39}{Quantum mechanical Spin-Operators}{subsection.6.2.1}% 52
\BOOKMARK [3][-]{section*.40}{Consider weak Coulomb interaction}{subsection.6.2.1}% 53
\BOOKMARK [3][-]{section*.41}{What is HSpinint}{subsection.6.2.1}% 54
\BOOKMARK [3][-]{section*.42}{Ferromagnetism}{subsection.6.2.1}% 55
\BOOKMARK [3][-]{section*.43}{Conjecture}{subsection.6.2.1}% 56
\BOOKMARK [3][-]{section*.44}{Solution}{subsection.6.2.1}% 57
\BOOKMARK [3][-]{section*.47}{Landau Theory}{subsection.6.2.1}% 58
\BOOKMARK [2][-]{subsection.6.2.2}{Exchange Interaction J}{section.6.2}% 59
\BOOKMARK [2][-]{subsection.6.2.3}{Ferromagnetic Magnons}{section.6.2}% 60
\BOOKMARK [0][-]{chapter.7}{Superconductivity}{}% 61
\BOOKMARK [1][-]{section.7.1}{Conventional superconducters}{chapter.7}% 62
\BOOKMARK [2][-]{subsection.7.1.1}{Link \040\046 Meissner Effect}{section.7.1}% 63
\BOOKMARK [1][-]{section.7.2}{London Equation}{chapter.7}% 64
\BOOKMARK [1][-]{section.7.3}{Coherence Length}{chapter.7}% 65
\BOOKMARK [1][-]{section.7.4}{Ginzburg-Landau Theory}{chapter.7}% 66
\BOOKMARK [2][-]{subsection.7.4.1}{Orderparameter in the Ginzburg-Landau Model}{section.7.4}% 67
\BOOKMARK [1][-]{section.7.5}{Classification of different superconductors}{chapter.7}% 68
\BOOKMARK [1][-]{section.7.6}{Vortices}{chapter.7}% 69
